This is pdfTeX, Version 3.141592653-2.6-1.40.25 (TeX Live 2023) (preloaded format=pdflatex 2023.5.22)  25 MAY 2023 16:09
entering extended mode
 restricted \write18 enabled.
 %&-line parsing enabled.
**manuscript_anon_v2.tex
(./manuscript_anon_v2.tex
LaTeX2e <2022-11-01> patch level 1
L3 programming layer <2023-05-15> (c:/Users/colej/AppData/Roaming/TinyTeX/texmf-dist/tex/latex/base/article.cls
Document Class: article 2022/07/02 v1.4n Standard LaTeX document class
(c:/Users/colej/AppData/Roaming/TinyTeX/texmf-dist/tex/latex/base/size12.clo
File: size12.clo 2022/07/02 v1.4n Standard LaTeX file (size option)
)
\c@part=\count185
\c@section=\count186
\c@subsection=\count187
\c@subsubsection=\count188
\c@paragraph=\count189
\c@subparagraph=\count190
\c@figure=\count191
\c@table=\count192
\abovecaptionskip=\skip48
\belowcaptionskip=\skip49
\bibindent=\dimen140
) (c:/Users/colej/AppData/Roaming/TinyTeX/texmf-dist/tex/latex/amsmath/amsmath.sty
Package: amsmath 2022/04/08 v2.17n AMS math features
\@mathmargin=\skip50
For additional information on amsmath, use the `?' option.
(c:/Users/colej/AppData/Roaming/TinyTeX/texmf-dist/tex/latex/amsmath/amstext.sty
Package: amstext 2021/08/26 v2.01 AMS text
(c:/Users/colej/AppData/Roaming/TinyTeX/texmf-dist/tex/latex/amsmath/amsgen.sty
File: amsgen.sty 1999/11/30 v2.0 generic functions
\@emptytoks=\toks16
\ex@=\dimen141
)) (c:/Users/colej/AppData/Roaming/TinyTeX/texmf-dist/tex/latex/amsmath/amsbsy.sty
Package: amsbsy 1999/11/29 v1.2d Bold Symbols
\pmbraise@=\dimen142
) (c:/Users/colej/AppData/Roaming/TinyTeX/texmf-dist/tex/latex/amsmath/amsopn.sty
Package: amsopn 2022/04/08 v2.04 operator names
)
\inf@bad=\count193
LaTeX Info: Redefining \frac on input line 234.
\uproot@=\count194
\leftroot@=\count195
LaTeX Info: Redefining \overline on input line 399.
LaTeX Info: Redefining \colon on input line 410.
\classnum@=\count196
\DOTSCASE@=\count197
LaTeX Info: Redefining \ldots on input line 496.
LaTeX Info: Redefining \dots on input line 499.
LaTeX Info: Redefining \cdots on input line 620.
\Mathstrutbox@=\box51
\strutbox@=\box52
LaTeX Info: Redefining \big on input line 722.
LaTeX Info: Redefining \Big on input line 723.
LaTeX Info: Redefining \bigg on input line 724.
LaTeX Info: Redefining \Bigg on input line 725.
\big@size=\dimen143
LaTeX Font Info:    Redeclaring font encoding OML on input line 743.
LaTeX Font Info:    Redeclaring font encoding OMS on input line 744.
\macc@depth=\count198
LaTeX Info: Redefining \bmod on input line 905.
LaTeX Info: Redefining \pmod on input line 910.
LaTeX Info: Redefining \smash on input line 940.
LaTeX Info: Redefining \relbar on input line 970.
LaTeX Info: Redefining \Relbar on input line 971.
\c@MaxMatrixCols=\count199
\dotsspace@=\muskip16
\c@parentequation=\count266
\dspbrk@lvl=\count267
\tag@help=\toks17
\row@=\count268
\column@=\count269
\maxfields@=\count270
\andhelp@=\toks18
\eqnshift@=\dimen144
\alignsep@=\dimen145
\tagshift@=\dimen146
\tagwidth@=\dimen147
\totwidth@=\dimen148
\lineht@=\dimen149
\@envbody=\toks19
\multlinegap=\skip51
\multlinetaggap=\skip52
\mathdisplay@stack=\toks20
LaTeX Info: Redefining \[ on input line 2953.
LaTeX Info: Redefining \] on input line 2954.
) (c:/Users/colej/AppData/Roaming/TinyTeX/texmf-dist/tex/latex/amsfonts/amssymb.sty
Package: amssymb 2013/01/14 v3.01 AMS font symbols
(c:/Users/colej/AppData/Roaming/TinyTeX/texmf-dist/tex/latex/amsfonts/amsfonts.sty
Package: amsfonts 2013/01/14 v3.01 Basic AMSFonts support
\symAMSa=\mathgroup4
\symAMSb=\mathgroup5
LaTeX Font Info:    Redeclaring math symbol \hbar on input line 98.
LaTeX Font Info:    Overwriting math alphabet `\mathfrak' in version `bold'
(Font)                  U/euf/m/n --> U/euf/b/n on input line 106.
)) (c:/Users/colej/AppData/Roaming/TinyTeX/texmf-dist/tex/latex/lm/lmodern.sty
Package: lmodern 2015/05/01 v1.6.1 Latin Modern Fonts
LaTeX Font Info:    Overwriting symbol font `operators' in version `normal'
(Font)                  OT1/cmr/m/n --> OT1/lmr/m/n on input line 22.
LaTeX Font Info:    Overwriting symbol font `letters' in version `normal'
(Font)                  OML/cmm/m/it --> OML/lmm/m/it on input line 23.
LaTeX Font Info:    Overwriting symbol font `symbols' in version `normal'
(Font)                  OMS/cmsy/m/n --> OMS/lmsy/m/n on input line 24.
LaTeX Font Info:    Overwriting symbol font `largesymbols' in version `normal'
(Font)                  OMX/cmex/m/n --> OMX/lmex/m/n on input line 25.
LaTeX Font Info:    Overwriting symbol font `operators' in version `bold'
(Font)                  OT1/cmr/bx/n --> OT1/lmr/bx/n on input line 26.
LaTeX Font Info:    Overwriting symbol font `letters' in version `bold'
(Font)                  OML/cmm/b/it --> OML/lmm/b/it on input line 27.
LaTeX Font Info:    Overwriting symbol font `symbols' in version `bold'
(Font)                  OMS/cmsy/b/n --> OMS/lmsy/b/n on input line 28.
LaTeX Font Info:    Overwriting symbol font `largesymbols' in version `bold'
(Font)                  OMX/cmex/m/n --> OMX/lmex/m/n on input line 29.
LaTeX Font Info:    Overwriting math alphabet `\mathbf' in version `normal'
(Font)                  OT1/cmr/bx/n --> OT1/lmr/bx/n on input line 31.
LaTeX Font Info:    Overwriting math alphabet `\mathsf' in version `normal'
(Font)                  OT1/cmss/m/n --> OT1/lmss/m/n on input line 32.
LaTeX Font Info:    Overwriting math alphabet `\mathit' in version `normal'
(Font)                  OT1/cmr/m/it --> OT1/lmr/m/it on input line 33.
LaTeX Font Info:    Overwriting math alphabet `\mathtt' in version `normal'
(Font)                  OT1/cmtt/m/n --> OT1/lmtt/m/n on input line 34.
LaTeX Font Info:    Overwriting math alphabet `\mathbf' in version `bold'
(Font)                  OT1/cmr/bx/n --> OT1/lmr/bx/n on input line 35.
LaTeX Font Info:    Overwriting math alphabet `\mathsf' in version `bold'
(Font)                  OT1/cmss/bx/n --> OT1/lmss/bx/n on input line 36.
LaTeX Font Info:    Overwriting math alphabet `\mathit' in version `bold'
(Font)                  OT1/cmr/bx/it --> OT1/lmr/bx/it on input line 37.
LaTeX Font Info:    Overwriting math alphabet `\mathtt' in version `bold'
(Font)                  OT1/cmtt/m/n --> OT1/lmtt/m/n on input line 38.
) (c:/Users/colej/AppData/Roaming/TinyTeX/texmf-dist/tex/generic/iftex/iftex.sty
Package: iftex 2022/02/03 v1.0f TeX engine tests
) (c:/Users/colej/AppData/Roaming/TinyTeX/texmf-dist/tex/latex/base/fontenc.sty
Package: fontenc 2021/04/29 v2.0v Standard LaTeX package
LaTeX Font Info:    Trying to load font information for T1+lmr on input line 112.
(c:/Users/colej/AppData/Roaming/TinyTeX/texmf-dist/tex/latex/lm/t1lmr.fd
File: t1lmr.fd 2015/05/01 v1.6.1 Font defs for Latin Modern
)) (c:/Users/colej/AppData/Roaming/TinyTeX/texmf-dist/tex/latex/base/inputenc.sty
Package: inputenc 2021/02/14 v1.3d Input encoding file
\inpenc@prehook=\toks21
\inpenc@posthook=\toks22
) (c:/Users/colej/AppData/Roaming/TinyTeX/texmf-dist/tex/latex/base/textcomp.sty
Package: textcomp 2020/02/02 v2.0n Standard LaTeX package
) (c:/Users/colej/AppData/Roaming/TinyTeX/texmf-dist/tex/latex/xcolor/xcolor.sty
Package: xcolor 2022/06/12 v2.14 LaTeX color extensions (UK)
(c:/Users/colej/AppData/Roaming/TinyTeX/texmf-dist/tex/latex/graphics-cfg/color.cfg
File: color.cfg 2016/01/02 v1.6 sample color configuration
)
Package xcolor Info: Driver file: pdftex.def on input line 227.
(c:/Users/colej/AppData/Roaming/TinyTeX/texmf-dist/tex/latex/graphics-def/pdftex.def
File: pdftex.def 2022/09/22 v1.2b Graphics/color driver for pdftex
) (c:/Users/colej/AppData/Roaming/TinyTeX/texmf-dist/tex/latex/graphics/mathcolor.ltx)
Package xcolor Info: Model `cmy' substituted by `cmy0' on input line 1353.
Package xcolor Info: Model `hsb' substituted by `rgb' on input line 1357.
Package xcolor Info: Model `RGB' extended on input line 1369.
Package xcolor Info: Model `HTML' substituted by `rgb' on input line 1371.
Package xcolor Info: Model `Hsb' substituted by `hsb' on input line 1372.
Package xcolor Info: Model `tHsb' substituted by `hsb' on input line 1373.
Package xcolor Info: Model `HSB' substituted by `hsb' on input line 1374.
Package xcolor Info: Model `Gray' substituted by `gray' on input line 1375.
Package xcolor Info: Model `wave' substituted by `hsb' on input line 1376.
(c:/Users/colej/AppData/Roaming/TinyTeX/texmf-dist/tex/latex/graphics/dvipsnam.def
File: dvipsnam.def 2016/06/17 v3.0m Driver-dependent file (DPC,SPQR)
) (c:/Users/colej/AppData/Roaming/TinyTeX/texmf-dist/tex/latex/xcolor/svgnam.def
File: svgnam.def 2022/06/12 v2.14 Predefined colors according to SVG 1.1 (UK)
) (c:/Users/colej/AppData/Roaming/TinyTeX/texmf-dist/tex/latex/xcolor/x11nam.def
File: x11nam.def 2022/06/12 v2.14 Predefined colors according to Unix/X11 (UK)
)) (c:/Users/colej/AppData/Roaming/TinyTeX/texmf-dist/tex/latex/geometry/geometry.sty
Package: geometry 2020/01/02 v5.9 Page Geometry
(c:/Users/colej/AppData/Roaming/TinyTeX/texmf-dist/tex/latex/graphics/keyval.sty
Package: keyval 2022/05/29 v1.15 key=value parser (DPC)
\KV@toks@=\toks23
) (c:/Users/colej/AppData/Roaming/TinyTeX/texmf-dist/tex/generic/iftex/ifvtex.sty
Package: ifvtex 2019/10/25 v1.7 ifvtex legacy package. Use iftex instead.
)
\Gm@cnth=\count271
\Gm@cntv=\count272
\c@Gm@tempcnt=\count273
\Gm@bindingoffset=\dimen150
\Gm@wd@mp=\dimen151
\Gm@odd@mp=\dimen152
\Gm@even@mp=\dimen153
\Gm@layoutwidth=\dimen154
\Gm@layoutheight=\dimen155
\Gm@layouthoffset=\dimen156
\Gm@layoutvoffset=\dimen157
\Gm@dimlist=\toks24
) (c:/Users/colej/AppData/Roaming/TinyTeX/texmf-dist/tex/latex/tools/longtable.sty
Package: longtable 2021-09-01 v4.17 Multi-page Table package (DPC)
\LTleft=\skip53
\LTright=\skip54
\LTpre=\skip55
\LTpost=\skip56
\LTchunksize=\count274
\LTcapwidth=\dimen158
\LT@head=\box53
\LT@firsthead=\box54
\LT@foot=\box55
\LT@lastfoot=\box56
\LT@gbox=\box57
\LT@cols=\count275
\LT@rows=\count276
\c@LT@tables=\count277
\c@LT@chunks=\count278
\LT@p@ftn=\toks25
) (c:/Users/colej/AppData/Roaming/TinyTeX/texmf-dist/tex/latex/booktabs/booktabs.sty
Package: booktabs 2020/01/12 v1.61803398 Publication quality tables
\heavyrulewidth=\dimen159
\lightrulewidth=\dimen160
\cmidrulewidth=\dimen161
\belowrulesep=\dimen162
\belowbottomsep=\dimen163
\aboverulesep=\dimen164
\abovetopsep=\dimen165
\cmidrulesep=\dimen166
\cmidrulekern=\dimen167
\defaultaddspace=\dimen168
\@cmidla=\count279
\@cmidlb=\count280
\@aboverulesep=\dimen169
\@belowrulesep=\dimen170
\@thisruleclass=\count281
\@lastruleclass=\count282
\@thisrulewidth=\dimen171
) (c:/Users/colej/AppData/Roaming/TinyTeX/texmf-dist/tex/latex/tools/array.sty
Package: array 2022/09/04 v2.5g Tabular extension package (FMi)
\col@sep=\dimen172
\ar@mcellbox=\box58
\extrarowheight=\dimen173
\NC@list=\toks26
\extratabsurround=\skip57
\backup@length=\skip58
\ar@cellbox=\box59
) (c:/Users/colej/AppData/Roaming/TinyTeX/texmf-dist/tex/latex/tools/calc.sty
Package: calc 2017/05/25 v4.3 Infix arithmetic (KKT,FJ)
\calc@Acount=\count283
\calc@Bcount=\count284
\calc@Adimen=\dimen174
\calc@Bdimen=\dimen175
\calc@Askip=\skip59
\calc@Bskip=\skip60
LaTeX Info: Redefining \setlength on input line 80.
LaTeX Info: Redefining \addtolength on input line 81.
\calc@Ccount=\count285
\calc@Cskip=\skip61
) (c:/Users/colej/AppData/Roaming/TinyTeX/texmf-dist/tex/latex/etoolbox/etoolbox.sty
Package: etoolbox 2020/10/05 v2.5k e-TeX tools for LaTeX (JAW)
\etb@tempcnta=\count286
) (c:/Users/colej/AppData/Roaming/TinyTeX/texmf-dist/tex/latex/mdwtools/footnote.sty
Package: footnote 1997/01/28 1.13 Save footnotes around boxes
\fn@notes=\box60
\fn@width=\dimen176
) (c:/Users/colej/AppData/Roaming/TinyTeX/texmf-dist/tex/latex/graphics/graphicx.sty
Package: graphicx 2021/09/16 v1.2d Enhanced LaTeX Graphics (DPC,SPQR)
(c:/Users/colej/AppData/Roaming/TinyTeX/texmf-dist/tex/latex/graphics/graphics.sty
Package: graphics 2022/03/10 v1.4e Standard LaTeX Graphics (DPC,SPQR)
(c:/Users/colej/AppData/Roaming/TinyTeX/texmf-dist/tex/latex/graphics/trig.sty
Package: trig 2021/08/11 v1.11 sin cos tan (DPC)
) (c:/Users/colej/AppData/Roaming/TinyTeX/texmf-dist/tex/latex/graphics-cfg/graphics.cfg
File: graphics.cfg 2016/06/04 v1.11 sample graphics configuration
)
Package graphics Info: Driver file: pdftex.def on input line 107.
)
\Gin@req@height=\dimen177
\Gin@req@width=\dimen178
)
\cslhangindent=\skip62
\csllabelwidth=\skip63
\cslentryspacingunit=\skip64
(c:/Users/colej/AppData/Roaming/TinyTeX/texmf-dist/tex/latex/setspace/setspace.sty
Package: setspace 2022/12/04 v6.7b set line spacing
) (c:/Users/colej/AppData/Roaming/TinyTeX/texmf-dist/tex/latex/float/float.sty
Package: float 2001/11/08 v1.3d Float enhancements (AL)
\c@float@type=\count287
\float@exts=\toks27
\float@box=\box61
\@float@everytoks=\toks28
\@floatcapt=\box62
) (c:/Users/colej/AppData/Roaming/TinyTeX/texmf-dist/tex/latex/caption/caption.sty
Package: caption 2023/03/12 v3.6j Customizing captions (AR)
(c:/Users/colej/AppData/Roaming/TinyTeX/texmf-dist/tex/latex/caption/caption3.sty
Package: caption3 2023/03/12 v2.4 caption3 kernel (AR)
\caption@tempdima=\dimen179
\captionmargin=\dimen180
\caption@leftmargin=\dimen181
\caption@rightmargin=\dimen182
\caption@width=\dimen183
\caption@indent=\dimen184
\caption@parindent=\dimen185
\caption@hangindent=\dimen186
Package caption Info: Standard document class detected.
)
\c@caption@flags=\count288
\c@continuedfloat=\count289
Package caption Info: float package is loaded.
Package caption Info: longtable package is loaded.
(c:/Users/colej/AppData/Roaming/TinyTeX/texmf-dist/tex/latex/caption/ltcaption.sty
Package: ltcaption 2021/01/08 v1.4c longtable captions (AR)
)) (c:/Users/colej/AppData/Roaming/TinyTeX/texmf-dist/tex/latex/multirow/multirow.sty
Package: multirow 2021/03/15 v2.8 Span multiple rows of a table
\multirow@colwidth=\skip65
\multirow@cntb=\count290
\multirow@dima=\skip66
\bigstrutjot=\dimen187
) (c:/Users/colej/AppData/Roaming/TinyTeX/texmf-dist/tex/latex/wrapfig/wrapfig.sty
\wrapoverhang=\dimen188
\WF@size=\dimen189
\c@WF@wrappedlines=\count291
\WF@box=\box63
\WF@everypar=\toks29
Package: wrapfig 2003/01/31  v 3.6
) (c:/Users/colej/AppData/Roaming/TinyTeX/texmf-dist/tex/latex/colortbl/colortbl.sty
Package: colortbl 2022/06/20 v1.0f Color table columns (DPC)
\everycr=\toks30
\minrowclearance=\skip67
\rownum=\count292
) (c:/Users/colej/AppData/Roaming/TinyTeX/texmf-dist/tex/latex/pdflscape/pdflscape.sty
Package: pdflscape 2022-10-27 v0.13 Display of landscape pages in PDF
(c:/Users/colej/AppData/Roaming/TinyTeX/texmf-dist/tex/latex/pdflscape/pdflscape-nometadata.sty
Package: pdflscape-nometadata 2022-10-28 v0.13 Display of landscape pages in PDF (HO)
(c:/Users/colej/AppData/Roaming/TinyTeX/texmf-dist/tex/latex/graphics/lscape.sty
Package: lscape 2020/05/28 v3.02 Landscape Pages (DPC)
)
Package pdflscape Info: Auto-detected driver: pdftex on input line 81.
)) (c:/Users/colej/AppData/Roaming/TinyTeX/texmf-dist/tex/latex/tabu/tabu.sty
Package: tabu 2019/01/11 v2.9 - flexible LaTeX tabulars (FC+tabu-fixed)
(c:/Users/colej/AppData/Roaming/TinyTeX/texmf-dist/tex/latex/varwidth/varwidth.sty
Package: varwidth 2009/03/30 ver 0.92;  Variable-width minipages
\@vwid@box=\box64
\sift@deathcycles=\count293
\@vwid@loff=\dimen190
\@vwid@roff=\dimen191
)
\c@taburow=\count294
\tabu@nbcols=\count295
\tabu@cnt=\count296
\tabu@Xcol=\count297
\tabu@alloc=\count298
\tabu@nested=\count299
\tabu@target=\dimen192
\tabu@spreadtarget=\dimen193
\tabu@naturalX=\dimen194
\tabucolX=\dimen195
\tabu@Xsum=\dimen196
\extrarowdepth=\dimen197
\abovetabulinesep=\dimen198
\belowtabulinesep=\dimen199
\tabustrutrule=\dimen256
\tabu@thebody=\toks31
\tabu@footnotes=\toks32
\tabu@box=\box65
\tabu@arstrutbox=\box66
\tabu@hleads=\box67
\tabu@vleads=\box68
\tabu@cellskip=\skip68
) (c:/Users/colej/AppData/Roaming/TinyTeX/texmf-dist/tex/latex/threeparttable/threeparttable.sty
Package: threeparttable 2003/06/13  v 3.0
\@tempboxb=\box69
) (c:/Users/colej/AppData/Roaming/TinyTeX/texmf-dist/tex/latex/threeparttablex/threeparttablex.sty
Package: threeparttablex 2013/07/23 v0.3 by daleif
(c:/Users/colej/AppData/Roaming/TinyTeX/texmf-dist/tex/latex/environ/environ.sty
Package: environ 2014/05/04 v0.3 A new way to define environments
(c:/Users/colej/AppData/Roaming/TinyTeX/texmf-dist/tex/latex/trimspaces/trimspaces.sty
Package: trimspaces 2009/09/17 v1.1 Trim spaces around a token list
))
\TPTL@width=\skip69
) (c:/Users/colej/AppData/Roaming/TinyTeX/texmf-dist/tex/generic/ulem/ulem.sty
\UL@box=\box70
\UL@hyphenbox=\box71
\UL@skip=\skip70
\UL@hook=\toks33
\UL@height=\dimen257
\UL@pe=\count300
\UL@pixel=\dimen258
\ULC@box=\box72
Package: ulem 2019/11/18
\ULdepth=\dimen259
) (c:/Users/colej/AppData/Roaming/TinyTeX/texmf-dist/tex/latex/makecell/makecell.sty
Package: makecell 2009/08/03 V0.1e Managing of Tab Column Heads and Cells
\rotheadsize=\dimen260
\c@nlinenum=\count301
\TeXr@lab=\toks34
) (c:/Users/colej/AppData/Roaming/TinyTeX/texmf-dist/tex/latex/siunitx/siunitx.sty
Package: siunitx 2023-04-13 v3.2.5 A comprehensive (SI) units package
\l__siunitx_angle_tmp_dim=\dimen261
\l__siunitx_angle_marker_box=\box73
\l__siunitx_angle_unit_box=\box74
\l__siunitx_compound_count_int=\count302
\l__siunitx_number_exponent_fixed_int=\count303
\l__siunitx_number_min_decimal_int=\count304
\l__siunitx_number_min_integer_int=\count305
\l__siunitx_number_round_precision_int=\count306
\l__siunitx_number_lower_threshold_int=\count307
\l__siunitx_number_upper_threshold_int=\count308
\l__siunitx_number_group_first_int=\count309
\l__siunitx_number_group_size_int=\count310
\l__siunitx_number_group_minimum_int=\count311
\l__siunitx_table_tmp_box=\box75
\l__siunitx_table_tmp_dim=\dimen262
\l__siunitx_table_column_width_dim=\dimen263
\l__siunitx_table_integer_box=\box76
\l__siunitx_table_decimal_box=\box77
\l__siunitx_table_uncert_box=\box78
\l__siunitx_table_before_box=\box79
\l__siunitx_table_after_box=\box80
\l__siunitx_table_before_dim=\dimen264
\l__siunitx_table_carry_dim=\dimen265
\l__siunitx_unit_tmp_int=\count312
\l__siunitx_unit_position_int=\count313
\l__siunitx_unit_total_int=\count314
) (c:/Users/colej/AppData/Roaming/TinyTeX/texmf-dist/tex/latex/tools/hhline.sty
Package: hhline 2020/01/04 v2.04 Table rule package (DPC)
) (c:/Users/colej/AppData/Roaming/TinyTeX/texmf-dist/tex/latex/tools/tabularx.sty
Package: tabularx 2020/01/15 v2.11c `tabularx' package (DPC)
\TX@col@width=\dimen266
\TX@old@table=\dimen267
\TX@old@col=\dimen268
\TX@target=\dimen269
\TX@delta=\dimen270
\TX@cols=\count315
\TX@ftn=\toks35
) (c:/Users/colej/AppData/Roaming/TinyTeX/texmf-dist/tex/latex/adjustbox/adjustbox.sty
Package: adjustbox 2022/10/17 v1.3a Adjusting TeX boxes (trim, clip, ...)
(c:/Users/colej/AppData/Roaming/TinyTeX/texmf-dist/tex/latex/xkeyval/xkeyval.sty
Package: xkeyval 2022/06/16 v2.9 package option processing (HA)
(c:/Users/colej/AppData/Roaming/TinyTeX/texmf-dist/tex/generic/xkeyval/xkeyval.tex (c:/Users/colej/AppData/Roaming/TinyTeX/texmf-dist/tex/generic/xkeyval/xkvutils.tex
\XKV@toks=\toks36
\XKV@tempa@toks=\toks37
)
\XKV@depth=\count316
File: xkeyval.tex 2014/12/03 v2.7a key=value parser (HA)
)) (c:/Users/colej/AppData/Roaming/TinyTeX/texmf-dist/tex/latex/adjustbox/adjcalc.sty
Package: adjcalc 2012/05/16 v1.1 Provides advanced setlength with multiple back-ends (calc, etex, pgfmath)
) (c:/Users/colej/AppData/Roaming/TinyTeX/texmf-dist/tex/latex/adjustbox/trimclip.sty
Package: trimclip 2020/08/19 v1.2 Trim and clip general TeX material
(c:/Users/colej/AppData/Roaming/TinyTeX/texmf-dist/tex/latex/collectbox/collectbox.sty
Package: collectbox 2022/10/17 v0.4c Collect macro arguments as boxes
\collectedbox=\box81
)
\tc@llx=\dimen271
\tc@lly=\dimen272
\tc@urx=\dimen273
\tc@ury=\dimen274
Package trimclip Info: Using driver 'tc-pdftex.def'.
(c:/Users/colej/AppData/Roaming/TinyTeX/texmf-dist/tex/latex/adjustbox/tc-pdftex.def
File: tc-pdftex.def 2019/01/04 v2.2 Clipping driver for pdftex
))
\adjbox@Width=\dimen275
\adjbox@Height=\dimen276
\adjbox@Depth=\dimen277
\adjbox@Totalheight=\dimen278
\adjbox@pwidth=\dimen279
\adjbox@pheight=\dimen280
\adjbox@pdepth=\dimen281
\adjbox@ptotalheight=\dimen282
) (c:/Users/colej/AppData/Roaming/TinyTeX/texmf-dist/tex/latex/hyperref/hyperref.sty
Package: hyperref 2023-04-22 v7.00x Hypertext links for LaTeX
(c:/Users/colej/AppData/Roaming/TinyTeX/texmf-dist/tex/generic/ltxcmds/ltxcmds.sty
Package: ltxcmds 2020-05-10 v1.25 LaTeX kernel commands for general use (HO)
) (c:/Users/colej/AppData/Roaming/TinyTeX/texmf-dist/tex/generic/pdftexcmds/pdftexcmds.sty
Package: pdftexcmds 2020-06-27 v0.33 Utility functions of pdfTeX for LuaTeX (HO)
(c:/Users/colej/AppData/Roaming/TinyTeX/texmf-dist/tex/generic/infwarerr/infwarerr.sty
Package: infwarerr 2019/12/03 v1.5 Providing info/warning/error messages (HO)
)
Package pdftexcmds Info: \pdf@primitive is available.
Package pdftexcmds Info: \pdf@ifprimitive is available.
Package pdftexcmds Info: \pdfdraftmode found.
) (c:/Users/colej/AppData/Roaming/TinyTeX/texmf-dist/tex/latex/kvsetkeys/kvsetkeys.sty
Package: kvsetkeys 2022-10-05 v1.19 Key value parser (HO)
) (c:/Users/colej/AppData/Roaming/TinyTeX/texmf-dist/tex/generic/kvdefinekeys/kvdefinekeys.sty
Package: kvdefinekeys 2019-12-19 v1.6 Define keys (HO)
) (c:/Users/colej/AppData/Roaming/TinyTeX/texmf-dist/tex/generic/pdfescape/pdfescape.sty
Package: pdfescape 2019/12/09 v1.15 Implements pdfTeX's escape features (HO)
) (c:/Users/colej/AppData/Roaming/TinyTeX/texmf-dist/tex/latex/hycolor/hycolor.sty
Package: hycolor 2020-01-27 v1.10 Color options for hyperref/bookmark (HO)
) (c:/Users/colej/AppData/Roaming/TinyTeX/texmf-dist/tex/latex/letltxmacro/letltxmacro.sty
Package: letltxmacro 2019/12/03 v1.6 Let assignment for LaTeX macros (HO)
) (c:/Users/colej/AppData/Roaming/TinyTeX/texmf-dist/tex/latex/auxhook/auxhook.sty
Package: auxhook 2019-12-17 v1.6 Hooks for auxiliary files (HO)
) (c:/Users/colej/AppData/Roaming/TinyTeX/texmf-dist/tex/latex/hyperref/nameref.sty
Package: nameref 2022-05-17 v2.50 Cross-referencing by name of section
(c:/Users/colej/AppData/Roaming/TinyTeX/texmf-dist/tex/latex/refcount/refcount.sty
Package: refcount 2019/12/15 v3.6 Data extraction from label references (HO)
) (c:/Users/colej/AppData/Roaming/TinyTeX/texmf-dist/tex/generic/gettitlestring/gettitlestring.sty
Package: gettitlestring 2019/12/15 v1.6 Cleanup title references (HO)
(c:/Users/colej/AppData/Roaming/TinyTeX/texmf-dist/tex/latex/kvoptions/kvoptions.sty
Package: kvoptions 2022-06-15 v3.15 Key value format for package options (HO)
))
\c@section@level=\count317
)
\@linkdim=\dimen283
\Hy@linkcounter=\count318
\Hy@pagecounter=\count319
(c:/Users/colej/AppData/Roaming/TinyTeX/texmf-dist/tex/latex/hyperref/pd1enc.def
File: pd1enc.def 2023-04-22 v7.00x Hyperref: PDFDocEncoding definition (HO)
Now handling font encoding PD1 ...
... no UTF-8 mapping file for font encoding PD1
) (c:/Users/colej/AppData/Roaming/TinyTeX/texmf-dist/tex/generic/intcalc/intcalc.sty
Package: intcalc 2019/12/15 v1.3 Expandable calculations with integers (HO)
)
\Hy@SavedSpaceFactor=\count320
(c:/Users/colej/AppData/Roaming/TinyTeX/texmf-dist/tex/latex/hyperref/puenc.def
File: puenc.def 2023-04-22 v7.00x Hyperref: PDF Unicode definition (HO)
Now handling font encoding PU ...
... no UTF-8 mapping file for font encoding PU
)
Package hyperref Info: Option `unicode' set `true' on input line 4065.
Package hyperref Info: Hyper figures OFF on input line 4182.
Package hyperref Info: Link nesting OFF on input line 4187.
Package hyperref Info: Hyper index ON on input line 4190.
Package hyperref Info: Plain pages OFF on input line 4197.
Package hyperref Info: Backreferencing OFF on input line 4202.
Package hyperref Info: Implicit mode ON; LaTeX internals redefined.
Package hyperref Info: Bookmarks ON on input line 4449.
\c@Hy@tempcnt=\count321
(c:/Users/colej/AppData/Roaming/TinyTeX/texmf-dist/tex/latex/url/url.sty
\Urlmuskip=\muskip17
Package: url 2013/09/16  ver 3.4  Verb mode for urls, etc.
)
LaTeX Info: Redefining \url on input line 4787.
\XeTeXLinkMargin=\dimen284
(c:/Users/colej/AppData/Roaming/TinyTeX/texmf-dist/tex/generic/bitset/bitset.sty
Package: bitset 2019/12/09 v1.3 Handle bit-vector datatype (HO)
(c:/Users/colej/AppData/Roaming/TinyTeX/texmf-dist/tex/generic/bigintcalc/bigintcalc.sty
Package: bigintcalc 2019/12/15 v1.5 Expandable calculations on big integers (HO)
))
\Fld@menulength=\count322
\Field@Width=\dimen285
\Fld@charsize=\dimen286
Package hyperref Info: Hyper figures OFF on input line 6066.
Package hyperref Info: Link nesting OFF on input line 6071.
Package hyperref Info: Hyper index ON on input line 6074.
Package hyperref Info: backreferencing OFF on input line 6081.
Package hyperref Info: Link coloring OFF on input line 6086.
Package hyperref Info: Link coloring with OCG OFF on input line 6091.
Package hyperref Info: PDF/A mode OFF on input line 6096.
(c:/Users/colej/AppData/Roaming/TinyTeX/texmf-dist/tex/latex/base/atbegshi-ltx.sty
Package: atbegshi-ltx 2021/01/10 v1.0c Emulation of the original atbegshi
package with kernel methods
)
\Hy@abspage=\count323
\c@Item=\count324
\c@Hfootnote=\count325
)
Package hyperref Info: Driver (autodetected): hpdftex.
(c:/Users/colej/AppData/Roaming/TinyTeX/texmf-dist/tex/latex/hyperref/hpdftex.def
File: hpdftex.def 2023-04-22 v7.00x Hyperref driver for pdfTeX
(c:/Users/colej/AppData/Roaming/TinyTeX/texmf-dist/tex/latex/base/atveryend-ltx.sty
Package: atveryend-ltx 2020/08/19 v1.0a Emulation of the original atveryend package
with kernel methods
)
\Fld@listcount=\count326
\c@bookmark@seq@number=\count327
(c:/Users/colej/AppData/Roaming/TinyTeX/texmf-dist/tex/latex/rerunfilecheck/rerunfilecheck.sty
Package: rerunfilecheck 2022-07-10 v1.10 Rerun checks for auxiliary files (HO)
(c:/Users/colej/AppData/Roaming/TinyTeX/texmf-dist/tex/generic/uniquecounter/uniquecounter.sty
Package: uniquecounter 2019/12/15 v1.4 Provide unlimited unique counter (HO)
)
Package uniquecounter Info: New unique counter `rerunfilecheck' on input line 285.
)
\Hy@SectionHShift=\skip71
)
Package hyperref Info: Option `colorlinks' set `true' on input line 128.
(c:/Users/colej/AppData/Roaming/TinyTeX/texmf-dist/tex/latex/l3backend/l3backend-pdftex.def
File: l3backend-pdftex.def 2023-04-19 L3 backend support: PDF output (pdfTeX)
\l__color_backend_stack_int=\count328
\l__pdf_internal_box=\box82
) (./manuscript_anon_v2.aux

LaTeX Warning: Label `tab:zero-model-table' multiply defined.


LaTeX Warning: Label `tab:zero-model-table' multiply defined.


LaTeX Warning: Label `tab:zero-model-table' multiply defined.

)
\openout1 = `manuscript_anon_v2.aux'.

LaTeX Font Info:    Checking defaults for OML/cmm/m/it on input line 133.
LaTeX Font Info:    ... okay on input line 133.
LaTeX Font Info:    Checking defaults for OMS/cmsy/m/n on input line 133.
LaTeX Font Info:    ... okay on input line 133.
LaTeX Font Info:    Checking defaults for OT1/cmr/m/n on input line 133.
LaTeX Font Info:    ... okay on input line 133.
LaTeX Font Info:    Checking defaults for T1/cmr/m/n on input line 133.
LaTeX Font Info:    ... okay on input line 133.
LaTeX Font Info:    Checking defaults for TS1/cmr/m/n on input line 133.
LaTeX Font Info:    ... okay on input line 133.
LaTeX Font Info:    Checking defaults for OMX/cmex/m/n on input line 133.
LaTeX Font Info:    ... okay on input line 133.
LaTeX Font Info:    Checking defaults for U/cmr/m/n on input line 133.
LaTeX Font Info:    ... okay on input line 133.
LaTeX Font Info:    Checking defaults for PD1/pdf/m/n on input line 133.
LaTeX Font Info:    ... okay on input line 133.
LaTeX Font Info:    Checking defaults for PU/pdf/m/n on input line 133.
LaTeX Font Info:    ... okay on input line 133.
(c:/Users/colej/AppData/Roaming/TinyTeX/texmf-dist/tex/latex/epstopdf-pkg/epstopdf-base.sty
Package: epstopdf-base 2020-01-24 v2.11 Base part for package epstopdf
Package epstopdf-base Info: Redefining graphics rule for `.eps' on input line 485.
(c:/Users/colej/AppData/Roaming/TinyTeX/texmf-dist/tex/latex/latexconfig/epstopdf-sys.cfg
File: epstopdf-sys.cfg 2010/07/13 v1.3 Configuration of (r)epstopdf for TeX Live
))
*geometry* driver: auto-detecting
*geometry* detected driver: pdftex
*geometry* verbose mode - [ preamble ] result:
* driver: pdftex
* paper: <default>
* layout: <same size as paper>
* layoutoffset:(h,v)=(0.0pt,0.0pt)
* modes: 
* h-part:(L,W,R)=(72.26999pt, 469.75502pt, 72.26999pt)
* v-part:(T,H,B)=(72.26999pt, 650.43001pt, 72.26999pt)
* \paperwidth=614.295pt
* \paperheight=794.96999pt
* \textwidth=469.75502pt
* \textheight=650.43001pt
* \oddsidemargin=0.0pt
* \evensidemargin=0.0pt
* \topmargin=-37.0pt
* \headheight=12.0pt
* \headsep=25.0pt
* \topskip=12.0pt
* \footskip=30.0pt
* \marginparwidth=44.0pt
* \marginparsep=10.0pt
* \columnsep=10.0pt
* \skip\footins=10.8pt plus 4.0pt minus 2.0pt
* \hoffset=0.0pt
* \voffset=0.0pt
* \mag=1000
* \@twocolumnfalse
* \@twosidefalse
* \@mparswitchfalse
* \@reversemarginfalse
* (1in=72.27pt=25.4mm, 1cm=28.453pt)

Package caption Info: Begin \AtBeginDocument code.
Package caption Info: hyperref package is loaded.
Package caption Info: threeparttable package is loaded.
Package caption Info: wrapfig package is loaded.
Package caption Info: End \AtBeginDocument code.
Package hyperref Info: Link coloring ON on input line 133.
(./manuscript_anon_v2.out) (./manuscript_anon_v2.out)
\@outlinefile=\write3
\openout3 = `manuscript_anon_v2.out'.

[1

{c:/Users/colej/AppData/Roaming/TinyTeX/texmf-var/fonts/map/pdftex/updmap/pdftex.map}{c:/Users/colej/AppData/Roaming/TinyTeX/texmf-dist/fonts/enc/dvips/lm/lm-ec.enc}] [2]
LaTeX Font Info:    Trying to load font information for OT1+lmr on input line 152.
(c:/Users/colej/AppData/Roaming/TinyTeX/texmf-dist/tex/latex/lm/ot1lmr.fd
File: ot1lmr.fd 2015/05/01 v1.6.1 Font defs for Latin Modern
)
LaTeX Font Info:    Trying to load font information for OML+lmm on input line 152.
(c:/Users/colej/AppData/Roaming/TinyTeX/texmf-dist/tex/latex/lm/omllmm.fd
File: omllmm.fd 2015/05/01 v1.6.1 Font defs for Latin Modern
)
LaTeX Font Info:    Trying to load font information for OMS+lmsy on input line 152.
(c:/Users/colej/AppData/Roaming/TinyTeX/texmf-dist/tex/latex/lm/omslmsy.fd
File: omslmsy.fd 2015/05/01 v1.6.1 Font defs for Latin Modern
)
LaTeX Font Info:    Trying to load font information for OMX+lmex on input line 152.
(c:/Users/colej/AppData/Roaming/TinyTeX/texmf-dist/tex/latex/lm/omxlmex.fd
File: omxlmex.fd 2015/05/01 v1.6.1 Font defs for Latin Modern
)
LaTeX Font Info:    External font `lmex10' loaded for size
(Font)              <12> on input line 152.
LaTeX Font Info:    External font `lmex10' loaded for size
(Font)              <8> on input line 152.
LaTeX Font Info:    External font `lmex10' loaded for size
(Font)              <6> on input line 152.
LaTeX Font Info:    Trying to load font information for U+msa on input line 152.
(c:/Users/colej/AppData/Roaming/TinyTeX/texmf-dist/tex/latex/amsfonts/umsa.fd
File: umsa.fd 2013/01/14 v3.01 AMS symbols A
)
LaTeX Font Info:    Trying to load font information for U+msb on input line 152.
(c:/Users/colej/AppData/Roaming/TinyTeX/texmf-dist/tex/latex/amsfonts/umsb.fd
File: umsb.fd 2013/01/14 v3.01 AMS symbols B
)
LaTeX Font Info:    External font `lmex10' loaded for size
(Font)              <10> on input line 152.
LaTeX Font Info:    External font `lmex10' loaded for size
(Font)              <7> on input line 152.
LaTeX Font Info:    External font `lmex10' loaded for size
(Font)              <5> on input line 152.
[3] [4] [5] [6] [7] [8] [9] [10] [11] [12] [13] [14] [15] [16] [17]
<manuscript_anon_v2_files/figure-latex/elex-hist-1.pdf, id=415, 469.755pt x 505.89pt>
File: manuscript_anon_v2_files/figure-latex/elex-hist-1.pdf Graphic file (type pdf)
<use manuscript_anon_v2_files/figure-latex/elex-hist-1.pdf>
Package pdftex.def Info: manuscript_anon_v2_files/figure-latex/elex-hist-1.pdf  used on input line 254.
(pdftex.def)             Requested size: 469.75386pt x 505.88875pt.
LaTeX Font Info:    External font `lmex10' loaded for size
(Font)              <9> on input line 263.
<C:/Users/colej/Documents/Research projects/ji_manipulation_protest/Output/Submission files/manuscript_anon_v2_files/figure-latex/hist_282c66dd35a9.pdf, id=416, 48.18pt x 12.045pt>
File: C:/Users/colej/Documents/Research projects/ji_manipulation_protest/Output/Submission files/manuscript_anon_v2_files/figure-latex/hist_282c66dd35a9.pdf Graphic file (type pdf)
<use C:/Users/colej/Documents/Research projects/ji_manipulation_protest/Output/Submission files/manuscript_anon_v2_files/figure-latex/hist_282c66dd35a9.pdf>
Package pdftex.def Info: C:/Users/colej/Documents/Research projects/ji_manipulation_protest/Output/Submission files/manuscript_anon_v2_files/figure-latex/hist_282c66dd35a9.pdf  used on input line 267.
(pdftex.def)             Requested size: 48.42024pt x 12.10504pt.
<C:/Users/colej/Documents/Research projects/ji_manipulation_protest/Output/Submission files/manuscript_anon_v2_files/figure-latex/hist_282c38475c78.pdf, id=417, 48.18pt x 12.045pt>
File: C:/Users/colej/Documents/Research projects/ji_manipulation_protest/Output/Submission files/manuscript_anon_v2_files/figure-latex/hist_282c38475c78.pdf Graphic file (type pdf)
<use C:/Users/colej/Documents/Research projects/ji_manipulation_protest/Output/Submission files/manuscript_anon_v2_files/figure-latex/hist_282c38475c78.pdf>
Package pdftex.def Info: C:/Users/colej/Documents/Research projects/ji_manipulation_protest/Output/Submission files/manuscript_anon_v2_files/figure-latex/hist_282c38475c78.pdf  used on input line 268.
(pdftex.def)             Requested size: 48.42024pt x 12.10504pt.
<C:/Users/colej/Documents/Research projects/ji_manipulation_protest/Output/Submission files/manuscript_anon_v2_files/figure-latex/hist_282cb567ef3.pdf, id=418, 48.18pt x 12.045pt>
File: C:/Users/colej/Documents/Research projects/ji_manipulation_protest/Output/Submission files/manuscript_anon_v2_files/figure-latex/hist_282cb567ef3.pdf Graphic file (type pdf)
<use C:/Users/colej/Documents/Research projects/ji_manipulation_protest/Output/Submission files/manuscript_anon_v2_files/figure-latex/hist_282cb567ef3.pdf>
Package pdftex.def Info: C:/Users/colej/Documents/Research projects/ji_manipulation_protest/Output/Submission files/manuscript_anon_v2_files/figure-latex/hist_282cb567ef3.pdf  used on input line 269.
(pdftex.def)             Requested size: 48.42024pt x 12.10504pt.
<C:/Users/colej/Documents/Research projects/ji_manipulation_protest/Output/Submission files/manuscript_anon_v2_files/figure-latex/hist_282c198731b3.pdf, id=419, 48.18pt x 12.045pt>
File: C:/Users/colej/Documents/Research projects/ji_manipulation_protest/Output/Submission files/manuscript_anon_v2_files/figure-latex/hist_282c198731b3.pdf Graphic file (type pdf)
<use C:/Users/colej/Documents/Research projects/ji_manipulation_protest/Output/Submission files/manuscript_anon_v2_files/figure-latex/hist_282c198731b3.pdf>
Package pdftex.def Info: C:/Users/colej/Documents/Research projects/ji_manipulation_protest/Output/Submission files/manuscript_anon_v2_files/figure-latex/hist_282c198731b3.pdf  used on input line 270.
(pdftex.def)             Requested size: 48.42024pt x 12.10504pt.
<C:/Users/colej/Documents/Research projects/ji_manipulation_protest/Output/Submission files/manuscript_anon_v2_files/figure-latex/hist_282c20aa515e.pdf, id=420, 48.18pt x 12.045pt>
File: C:/Users/colej/Documents/Research projects/ji_manipulation_protest/Output/Submission files/manuscript_anon_v2_files/figure-latex/hist_282c20aa515e.pdf Graphic file (type pdf)
<use C:/Users/colej/Documents/Research projects/ji_manipulation_protest/Output/Submission files/manuscript_anon_v2_files/figure-latex/hist_282c20aa515e.pdf>
Package pdftex.def Info: C:/Users/colej/Documents/Research projects/ji_manipulation_protest/Output/Submission files/manuscript_anon_v2_files/figure-latex/hist_282c20aa515e.pdf  used on input line 271.
(pdftex.def)             Requested size: 48.42024pt x 12.10504pt.
<C:/Users/colej/Documents/Research projects/ji_manipulation_protest/Output/Submission files/manuscript_anon_v2_files/figure-latex/hist_282c60411a79.pdf, id=421, 48.18pt x 12.045pt>
File: C:/Users/colej/Documents/Research projects/ji_manipulation_protest/Output/Submission files/manuscript_anon_v2_files/figure-latex/hist_282c60411a79.pdf Graphic file (type pdf)
<use C:/Users/colej/Documents/Research projects/ji_manipulation_protest/Output/Submission files/manuscript_anon_v2_files/figure-latex/hist_282c60411a79.pdf>
Package pdftex.def Info: C:/Users/colej/Documents/Research projects/ji_manipulation_protest/Output/Submission files/manuscript_anon_v2_files/figure-latex/hist_282c60411a79.pdf  used on input line 272.
(pdftex.def)             Requested size: 48.42024pt x 12.10504pt.
<C:/Users/colej/Documents/Research projects/ji_manipulation_protest/Output/Submission files/manuscript_anon_v2_files/figure-latex/hist_282c629737e.pdf, id=422, 48.18pt x 12.045pt>
File: C:/Users/colej/Documents/Research projects/ji_manipulation_protest/Output/Submission files/manuscript_anon_v2_files/figure-latex/hist_282c629737e.pdf Graphic file (type pdf)
<use C:/Users/colej/Documents/Research projects/ji_manipulation_protest/Output/Submission files/manuscript_anon_v2_files/figure-latex/hist_282c629737e.pdf>
Package pdftex.def Info: C:/Users/colej/Documents/Research projects/ji_manipulation_protest/Output/Submission files/manuscript_anon_v2_files/figure-latex/hist_282c629737e.pdf  used on input line 273.
(pdftex.def)             Requested size: 48.42024pt x 12.10504pt.
<C:/Users/colej/Documents/Research projects/ji_manipulation_protest/Output/Submission files/manuscript_anon_v2_files/figure-latex/hist_282c4e7c1d2f.pdf, id=423, 48.18pt x 12.045pt>
File: C:/Users/colej/Documents/Research projects/ji_manipulation_protest/Output/Submission files/manuscript_anon_v2_files/figure-latex/hist_282c4e7c1d2f.pdf Graphic file (type pdf)
<use C:/Users/colej/Documents/Research projects/ji_manipulation_protest/Output/Submission files/manuscript_anon_v2_files/figure-latex/hist_282c4e7c1d2f.pdf>
Package pdftex.def Info: C:/Users/colej/Documents/Research projects/ji_manipulation_protest/Output/Submission files/manuscript_anon_v2_files/figure-latex/hist_282c4e7c1d2f.pdf  used on input line 274.
(pdftex.def)             Requested size: 48.42024pt x 12.10504pt.
<C:/Users/colej/Documents/Research projects/ji_manipulation_protest/Output/Submission files/manuscript_anon_v2_files/figure-latex/hist_282c5ab53d29.pdf, id=424, 48.18pt x 12.045pt>
File: C:/Users/colej/Documents/Research projects/ji_manipulation_protest/Output/Submission files/manuscript_anon_v2_files/figure-latex/hist_282c5ab53d29.pdf Graphic file (type pdf)
<use C:/Users/colej/Documents/Research projects/ji_manipulation_protest/Output/Submission files/manuscript_anon_v2_files/figure-latex/hist_282c5ab53d29.pdf>
Package pdftex.def Info: C:/Users/colej/Documents/Research projects/ji_manipulation_protest/Output/Submission files/manuscript_anon_v2_files/figure-latex/hist_282c5ab53d29.pdf  used on input line 275.
(pdftex.def)             Requested size: 48.42024pt x 12.10504pt.
<C:/Users/colej/Documents/Research projects/ji_manipulation_protest/Output/Submission files/manuscript_anon_v2_files/figure-latex/hist_282c41576bc.pdf, id=425, 48.18pt x 12.045pt>
File: C:/Users/colej/Documents/Research projects/ji_manipulation_protest/Output/Submission files/manuscript_anon_v2_files/figure-latex/hist_282c41576bc.pdf Graphic file (type pdf)
<use C:/Users/colej/Documents/Research projects/ji_manipulation_protest/Output/Submission files/manuscript_anon_v2_files/figure-latex/hist_282c41576bc.pdf>
Package pdftex.def Info: C:/Users/colej/Documents/Research projects/ji_manipulation_protest/Output/Submission files/manuscript_anon_v2_files/figure-latex/hist_282c41576bc.pdf  used on input line 276.
(pdftex.def)             Requested size: 48.42024pt x 12.10504pt.
<C:/Users/colej/Documents/Research projects/ji_manipulation_protest/Output/Submission files/manuscript_anon_v2_files/figure-latex/hist_282c2d465fa.pdf, id=426, 48.18pt x 12.045pt>
File: C:/Users/colej/Documents/Research projects/ji_manipulation_protest/Output/Submission files/manuscript_anon_v2_files/figure-latex/hist_282c2d465fa.pdf Graphic file (type pdf)
<use C:/Users/colej/Documents/Research projects/ji_manipulation_protest/Output/Submission files/manuscript_anon_v2_files/figure-latex/hist_282c2d465fa.pdf>
Package pdftex.def Info: C:/Users/colej/Documents/Research projects/ji_manipulation_protest/Output/Submission files/manuscript_anon_v2_files/figure-latex/hist_282c2d465fa.pdf  used on input line 277.
(pdftex.def)             Requested size: 48.42024pt x 12.10504pt.
<C:/Users/colej/Documents/Research projects/ji_manipulation_protest/Output/Submission files/manuscript_anon_v2_files/figure-latex/hist_282c573f110e.pdf, id=427, 48.18pt x 12.045pt>
File: C:/Users/colej/Documents/Research projects/ji_manipulation_protest/Output/Submission files/manuscript_anon_v2_files/figure-latex/hist_282c573f110e.pdf Graphic file (type pdf)
<use C:/Users/colej/Documents/Research projects/ji_manipulation_protest/Output/Submission files/manuscript_anon_v2_files/figure-latex/hist_282c573f110e.pdf>
Package pdftex.def Info: C:/Users/colej/Documents/Research projects/ji_manipulation_protest/Output/Submission files/manuscript_anon_v2_files/figure-latex/hist_282c573f110e.pdf  used on input line 278.
(pdftex.def)             Requested size: 48.42024pt x 12.10504pt.
<C:/Users/colej/Documents/Research projects/ji_manipulation_protest/Output/Submission files/manuscript_anon_v2_files/figure-latex/hist_282c7d6723d0.pdf, id=428, 48.18pt x 12.045pt>
File: C:/Users/colej/Documents/Research projects/ji_manipulation_protest/Output/Submission files/manuscript_anon_v2_files/figure-latex/hist_282c7d6723d0.pdf Graphic file (type pdf)
<use C:/Users/colej/Documents/Research projects/ji_manipulation_protest/Output/Submission files/manuscript_anon_v2_files/figure-latex/hist_282c7d6723d0.pdf>
Package pdftex.def Info: C:/Users/colej/Documents/Research projects/ji_manipulation_protest/Output/Submission files/manuscript_anon_v2_files/figure-latex/hist_282c7d6723d0.pdf  used on input line 279.
(pdftex.def)             Requested size: 48.42024pt x 12.10504pt.
<C:/Users/colej/Documents/Research projects/ji_manipulation_protest/Output/Submission files/manuscript_anon_v2_files/figure-latex/hist_282c7cfd996.pdf, id=429, 48.18pt x 12.045pt>
File: C:/Users/colej/Documents/Research projects/ji_manipulation_protest/Output/Submission files/manuscript_anon_v2_files/figure-latex/hist_282c7cfd996.pdf Graphic file (type pdf)
<use C:/Users/colej/Documents/Research projects/ji_manipulation_protest/Output/Submission files/manuscript_anon_v2_files/figure-latex/hist_282c7cfd996.pdf>
Package pdftex.def Info: C:/Users/colej/Documents/Research projects/ji_manipulation_protest/Output/Submission files/manuscript_anon_v2_files/figure-latex/hist_282c7cfd996.pdf  used on input line 280.
(pdftex.def)             Requested size: 48.42024pt x 12.10504pt.

Overfull \hbox (47.94029pt too wide) in paragraph at lines 263--283
 [][] 
 []

[18{c:/Users/colej/AppData/Roaming/TinyTeX/texmf-dist/fonts/enc/dvips/lm/lm-rm.enc}{c:/Users/colej/AppData/Roaming/TinyTeX/texmf-dist/fonts/enc/dvips/lm/lm-mathit.enc}{c:/Users/colej/AppData/Roaming/TinyTeX/texmf-dist/fonts/enc/dvips/lm/lm-mathsy.enc} <c:/Users/colej/Documents/Research projects/ji_manipulation_protest/Output/Submission files/manuscript_anon_v2_files/figure-latex/hist_282c66dd35a9.pdf> <c:/Users/colej/Documents/Research projects/ji_manipulation_protest/Output/Submission files/manuscript_anon_v2_files/figure-latex/hist_282c38475c78.pdf> <c:/Users/colej/Documents/Research projects/ji_manipulation_protest/Output/Submission files/manuscript_anon_v2_files/figure-latex/hist_282cb567ef3.pdf> <c:/Users/colej/Documents/Research projects/ji_manipulation_protest/Output/Submission files/manuscript_anon_v2_files/figure-latex/hist_282c198731b3.pdf> <c:/Users/colej/Documents/Research projects/ji_manipulation_protest/Output/Submission files/manuscript_anon_v2_files/figure-latex/hist_282c20aa515e.pdf> <c:/Users/colej/Documents/Research projects/ji_manipulation_protest/Output/Submission files/manuscript_anon_v2_files/figure-latex/hist_282c60411a79.pdf> <c:/Users/colej/Documents/Research projects/ji_manipulation_protest/Output/Submission files/manuscript_anon_v2_files/figure-latex/hist_282c629737e.pdf> <c:/Users/colej/Documents/Research projects/ji_manipulation_protest/Output/Submission files/manuscript_anon_v2_files/figure-latex/hist_282c4e7c1d2f.pdf> <c:/Users/colej/Documents/Research projects/ji_manipulation_protest/Output/Submission files/manuscript_anon_v2_files/figure-latex/hist_282c5ab53d29.pdf> <c:/Users/colej/Documents/Research projects/ji_manipulation_protest/Output/Submission files/manuscript_anon_v2_files/figure-latex/hist_282c41576bc.pdf> <c:/Users/colej/Documents/Research projects/ji_manipulation_protest/Output/Submission files/manuscript_anon_v2_files/figure-latex/hist_282c2d465fa.pdf> <c:/Users/colej/Documents/Research projects/ji_manipulation_protest/Output/Submission files/manuscript_anon_v2_files/figure-latex/hist_282c573f110e.pdf> <c:/Users/colej/Documents/Research projects/ji_manipulation_protest/Output/Submission files/manuscript_anon_v2_files/figure-latex/hist_282c7d6723d0.pdf> <c:/Users/colej/Documents/Research projects/ji_manipulation_protest/Output/Submission files/manuscript_anon_v2_files/figure-latex/hist_282c7cfd996.pdf>] [19 <./manuscript_anon_v2_files/figure-latex/elex-hist-1.pdf>] [20] [21] [22]
LaTeX Font Info:    Trying to load font information for T1+lmtt on input line 312.
(c:/Users/colej/AppData/Roaming/TinyTeX/texmf-dist/tex/latex/lm/t1lmtt.fd
File: t1lmtt.fd 2015/05/01 v1.6.1 Font defs for Latin Modern
)
Overfull \hbox (30.42023pt too wide) in paragraph at lines 350--350
[]\T1/lmtt/m/n/12 ## Formula: v2elirreg.inv ~ jucon.1lag + legcon.1lag + gdpgro.1lag + osorg.1lag +[] 
 []


Overfull \hbox (5.72021pt too wide) in paragraph at lines 350--350
[]\T1/lmtt/m/n/12 ##     physintlag.sq + unscheduled_election + regime_age + (1 |      stateid)[] 
 []


Overfull \hbox (30.42023pt too wide) in paragraph at lines 398--398
[]\T1/lmtt/m/n/12 ## Formula: v2elirreg.inv ~ jucon.1lag + legcon.1lag + gdpgro.1lag + osorg.1lag +[] 
 []

[23]
Overfull \hbox (11.89522pt too wide) in paragraph at lines 398--398
[]\T1/lmtt/m/n/12 ##     physinteg.1lag + unscheduled_election + regime_age + (1 |      stateid)[] 
 []

[24]
Overfull \vbox (32.99902pt too high) has occurred while \output is active []

[25]

LaTeX Warning: Float too large for page by 55.06459pt on input line 1563.


LaTeX Warning: Reference `fig:vote-share-prob-fig' on page 26 undefined on input line 1945.


LaTeX Warning: Reference `fig:vote-share-prob-fig' on page 26 undefined on input line 1947.


LaTeX Warning: Reference `fig:corrupt-prob-fig' on page 26 undefined on input line 1949.


LaTeX Warning: Reference `fig:crisis-prob-fig' on page 26 undefined on input line 1949.

[26] [27]
<manuscript_anon_v2_files/figure-latex/gdp-prob-fig-1.pdf, id=565, 469.755pt x 505.89pt>
File: manuscript_anon_v2_files/figure-latex/gdp-prob-fig-1.pdf Graphic file (type pdf)
<use manuscript_anon_v2_files/figure-latex/gdp-prob-fig-1.pdf>
Package pdftex.def Info: manuscript_anon_v2_files/figure-latex/gdp-prob-fig-1.pdf  used on input line 1959.
(pdftex.def)             Requested size: 469.75386pt x 505.88875pt.
[28] [29 <./manuscript_anon_v2_files/figure-latex/gdp-prob-fig-1.pdf>]

LaTeX Warning: Reference `tab:zero-model-table-count' on page 30 undefined on input line 1970.


LaTeX Warning: Reference `fig:n-protests-margin' on page 30 undefined on input line 1970.

[30]
<manuscript_anon_v2_files/figure-latex/n-protests-crisis-1.pdf, id=594, 469.755pt x 325.215pt>
File: manuscript_anon_v2_files/figure-latex/n-protests-crisis-1.pdf Graphic file (type pdf)
<use manuscript_anon_v2_files/figure-latex/n-protests-crisis-1.pdf>
Package pdftex.def Info: manuscript_anon_v2_files/figure-latex/n-protests-crisis-1.pdf  used on input line 1980.
(pdftex.def)             Requested size: 469.75386pt x 325.2142pt.
<manuscript_anon_v2_files/figure-latex/n-protests-corrupt-1.pdf, id=595, 469.755pt x 325.215pt>
File: manuscript_anon_v2_files/figure-latex/n-protests-corrupt-1.pdf Graphic file (type pdf)
<use manuscript_anon_v2_files/figure-latex/n-protests-corrupt-1.pdf>
Package pdftex.def Info: manuscript_anon_v2_files/figure-latex/n-protests-corrupt-1.pdf  used on input line 1986.
(pdftex.def)             Requested size: 469.75386pt x 325.2142pt.
[31] [32 <./manuscript_anon_v2_files/figure-latex/n-protests-crisis-1.pdf>] [33 <./manuscript_anon_v2_files/figure-latex/n-protests-corrupt-1.pdf>]
LaTeX Font Info:    Trying to load font information for TS1+lmr on input line 2041.
(c:/Users/colej/AppData/Roaming/TinyTeX/texmf-dist/tex/latex/lm/ts1lmr.fd
File: ts1lmr.fd 2015/05/01 v1.6.1 Font defs for Latin Modern
)

LaTeX Warning: Float too large for page by 3.99905pt on input line 2049.

[34] [35] [36] [37] [38] [39] [40] [41] [42] [43]
Underfull \hbox (badness 1082) in paragraph at lines 2271--2273
\T1/lmr/m/n/12 and Al-ter-na-tion of Power.'' \T1/lmr/m/it/12 The Jour-nal of Pol-i-tics \T1/lmr/m/n/12 77(4): 1142--1156. [][]$http :
 []


Underfull \hbox (badness 10000) in paragraph at lines 2271--2273
\T1/lmr/m/n/12 / / apps . webofknowledge . com / full _ record . do ? product = UA & search _ mode = MarkedList &
 []


Underfull \hbox (badness 10000) in paragraph at lines 2271--2273
\T1/lmr/m/n/12 qid = 2 & SID = 2E1nJRIOmR4rsEV8H8P & page = 13 & doc = 121 & colName = WOS &
 []

[44] [45] [46]
Underfull \hbox (badness 10000) in paragraph at lines 2387--2389
\T1/lmr/m/n/12 com . libproxy . lib . unc . edu / docview / 1544873424 / abstract / 40F7B5BA0309469DPQ / 1$[][]
 []


Underfull \hbox (badness 3449) in paragraph at lines 2405--2407
\T1/lmr/m/it/12 The Jour-nal of Pol-i-tics \T1/lmr/m/n/12 75(3): 632--645. [][]$http : / / www . journals . cambridge . org /
 []


Underfull \hbox (badness 10000) in paragraph at lines 2405--2407
\T1/lmr/m/n/12 abstract _ S0022381613000340 % 5Cnhttp : / / politicalscience . osu . edu / faculty / jwallace /
 []

[47]
Overfull \hbox (232.0228pt too wide) in paragraph at lines 2417--2419
\T1/lmr/m/it/12 Per-son-al-ity and So-cial Psy-chol-ogy \T1/lmr/m/n/12 87(5): 649--664. [][]https://pdfs.semanticscholar.org/ca20/de3504e3d74faec96ed4f70340e3a0860191.pdf
 []

[48] [49] [50] [51] [52] [53{c:/Users/colej/AppData/Roaming/TinyTeX/texmf-dist/fonts/enc/dvips/lm/lm-ts1.enc}] (./manuscript_anon_v2.aux)

LaTeX Warning: There were undefined references.


LaTeX Warning: There were multiply-defined labels.

Package rerunfilecheck Info: File `manuscript_anon_v2.out' has not changed.
(rerunfilecheck)             Checksum: 3B1FCD6560A28CBA0DEE3D00890E0856;2712.
 )
(\end occurred inside a group at level 5)

### semi simple group (level 5) entered at line 2051 (\begingroup)
### semi simple group (level 4) entered at line 1968 (\begingroup)
### semi simple group (level 3) entered at line 1943 (\begingroup)
### semi simple group (level 2) entered at line 284 (\begingroup)
### semi simple group (level 1) entered at line 135 (\begingroup)
### bottom level 
Here is how much of TeX's memory you used:
 18871 strings out of 478056
 366456 string characters out of 5838839
 2016845 words of memory out of 5000000
 38449 multiletter control sequences out of 15000+600000
 578924 words of font info for 84 fonts, out of 8000000 for 9000
 14 hyphenation exceptions out of 8191
 75i,13n,76p,2277b,1477s stack positions out of 10000i,1000n,20000p,200000b,200000s
<c:/Users/colej/AppData/Roaming/TinyTeX/texmf-dist/fonts/type1/public/lm/lmbx10.pfb><c:/Users/colej/AppData/Roaming/TinyTeX/texmf-dist/fonts/type1/public/lm/lmbx12.pfb><c:/Users/colej/AppData/Roaming/TinyTeX/texmf-dist/fonts/type1/public/lm/lmmi12.pfb><c:/Users/colej/AppData/Roaming/TinyTeX/texmf-dist/fonts/type1/public/lm/lmmi9.pfb><c:/Users/colej/AppData/Roaming/TinyTeX/texmf-dist/fonts/type1/public/lm/lmr10.pfb><c:/Users/colej/AppData/Roaming/TinyTeX/texmf-dist/fonts/type1/public/lm/lmr12.pfb><c:/Users/colej/AppData/Roaming/TinyTeX/texmf-dist/fonts/type1/public/lm/lmr7.pfb><c:/Users/colej/AppData/Roaming/TinyTeX/texmf-dist/fonts/type1/public/lm/lmr8.pfb><c:/Users/colej/AppData/Roaming/TinyTeX/texmf-dist/fonts/type1/public/lm/lmr9.pfb><c:/Users/colej/AppData/Roaming/TinyTeX/texmf-dist/fonts/type1/public/lm/lmri12.pfb><c:/Users/colej/AppData/Roaming/TinyTeX/texmf-dist/fonts/type1/public/lm/lmsy10.pfb><c:/Users/colej/AppData/Roaming/TinyTeX/texmf-dist/fonts/type1/public/lm/lmsy9.pfb><c:/Users/colej/AppData/Roaming/TinyTeX/texmf-dist/fonts/type1/public/lm/lmtt12.pfb>
Output written on manuscript_anon_v2.pdf (53 pages, 477902 bytes).
PDF statistics:
 974 PDF objects out of 1000 (max. 8388607)
 844 compressed objects within 9 object streams
 215 named destinations out of 1000 (max. 500000)
 195 words of extra memory for PDF output out of 10000 (max. 10000000)

